<?xml version="1.0" encoding="UTF-8"?>
<testsuites>
    <testsuite name="CssLoaderTest" file="/home/adhada7/Documents/Project/Privat/woocomerce-notice/test/CssLoaderTest.php" tests="2" assertions="2" errors="0" failures="0" skipped="0" time="0.019646">
      <testcase name="testGetFontList_hasTwoFonts2" class="CssLoaderTest" classname="CssLoaderTest" file="/home/adhada7/Documents/Project/Privat/woocomerce-notice/test/CssLoaderTest.php" line="16" assertions="1" time="0.019575"/>
      <testcase name="testLoad" class="CssLoaderTest" classname="CssLoaderTest" file="/home/adhada7/Documents/Project/Privat/woocomerce-notice/test/CssLoaderTest.php" line="26" assertions="1" time="0.000071">
        <system-out>&lt;style id="wcn_style_sheet" type="text/css"&gt;. { font-family: FooBar; }  { font-family: FooBar2;}&lt;/style&gt;&lt;style id="wcn_style_sheet" type="text/css"&gt;. { font-family: Hello; }  { font-family: FooBar2;}&lt;/style&gt;&lt;link href="https://fonts.googleapis.com/css?family=FooBar" rel="stylesheet" type="text/css"&gt;&lt;link href="https://fonts.googleapis.com/css?family=FooBar2" rel="stylesheet" type="text/css"&gt;&lt;link href="https://fonts.googleapis.com/css?family=Hello" rel="stylesheet" type="text/css"&gt;</system-out>
      </testcase>
    </testsuite>
    <testsuite name="DataStoreTest" file="/home/adhada7/Documents/Project/Privat/woocomerce-notice/test/DataStoreTest.php" tests="1" assertions="1" errors="0" failures="0" skipped="0" time="0.188016">
      <testcase name="testGetStyleList" class="DataStoreTest" classname="DataStoreTest" file="/home/adhada7/Documents/Project/Privat/woocomerce-notice/test/DataStoreTest.php" line="16" assertions="1" time="0.188016"/>
    </testsuite>
    <testsuite name="LayoutTest" file="/home/adhada7/Documents/Project/Privat/woocomerce-notice/test/LayoutTest.php" tests="4" assertions="4" errors="0" failures="0" skipped="0" time="0.001776">
      <testcase name="testInitLayout" class="LayoutTest" classname="LayoutTest" file="/home/adhada7/Documents/Project/Privat/woocomerce-notice/test/LayoutTest.php" line="16" assertions="1" time="0.000085"/>
      <testcase name="testAddTextToTitle" class="LayoutTest" classname="LayoutTest" file="/home/adhada7/Documents/Project/Privat/woocomerce-notice/test/LayoutTest.php" line="25" assertions="1" time="0.001518"/>
      <testcase name="testAddLinkToTitle" class="LayoutTest" classname="LayoutTest" file="/home/adhada7/Documents/Project/Privat/woocomerce-notice/test/LayoutTest.php" line="40" assertions="1" time="0.000067"/>
      <testcase name="testAddTextAndTitleToTitle" class="LayoutTest" classname="LayoutTest" file="/home/adhada7/Documents/Project/Privat/woocomerce-notice/test/LayoutTest.php" line="56" assertions="1" time="0.000106">
        <system-out>&lt;div class = 'col-xs-11 alert wcn-notify modern wcn-editable wcn_selected wcn-notify-orders' id = 'id' role = 'alert' data-notify = 'container' wcn_class = '.wcn-notify.modern' wcn_style_props = 'background-color,opacity,border-radius,width' &gt;&lt;div class = 'wcn-notify-icon' &gt;&lt;span data-notify = 'icon' &gt;&lt;img src = 'foo/assets/preview_image.png' class = 'wcn-editable' &gt;&lt;/img&gt;&lt;/span&gt;&lt;/div&gt;&lt;div class = 'wcn-notify-message' &gt;&lt;div class = 'title-container' &gt;&lt;p class = 'title text wcn-editable' wcn_class = '.title.text' wcn_style_props = 'color,font-size,font-family' &gt;Hello&lt;a href = 'www.google.de' class = 'title link wcn-editable' wcn_class = '.title.link' wcn_style_props = 'color,font-size,font-family' &gt;World&lt;/a&gt;&lt;/p&gt;&lt;/div&gt;&lt;div class = 'message' &gt;&lt;p class = 'message text wcn-editable' wcn_class = '.message.text' wcn_style_props = 'color,font-size,font-family' &gt;Foo&lt;a href = 'www.google.de' class = 'message link wcn-editable' wcn_class = '.message.link' wcn_style_props = 'color,font-size,font-family' &gt;Bar&lt;/a&gt;&lt;/p&gt;&lt;/div&gt;&lt;/div&gt;&lt;div class = 'wcn-notify-close' &gt;&lt;button type = 'button' aria-hidden = 'true' class = 'close wcn-editable' data-notify = 'dismiss' &gt;x&lt;/button&gt;&lt;/div&gt;&lt;/div&gt;</system-out>
      </testcase>
    </testsuite>
    <testsuite name="NotifyLayoutAdapterTest" file="/home/adhada7/Documents/Project/Privat/woocomerce-notice/test/NotifyLayoutAdapterTest.php" tests="3" assertions="3" errors="0" failures="0" skipped="0" time="0.046309">
      <testcase name="testInit" class="NotifyLayoutAdapterTest" classname="NotifyLayoutAdapterTest" file="/home/adhada7/Documents/Project/Privat/woocomerce-notice/test/NotifyLayoutAdapterTest.php" line="19" assertions="1" time="0.046102"/>
      <testcase name="testGetContentFromJson" class="NotifyLayoutAdapterTest" classname="NotifyLayoutAdapterTest" file="/home/adhada7/Documents/Project/Privat/woocomerce-notice/test/NotifyLayoutAdapterTest.php" line="27" assertions="1" time="0.000133"/>
      <testcase name="testGetNotfyAjax" class="NotifyLayoutAdapterTest" classname="NotifyLayoutAdapterTest" file="/home/adhada7/Documents/Project/Privat/woocomerce-notice/test/NotifyLayoutAdapterTest.php" line="36" assertions="1" time="0.000074"/>
    </testsuite>
    <testsuite name="NotifySettingsTest" file="/home/adhada7/Documents/Project/Privat/woocomerce-notice/test/NotifySettingsTest.php" tests="2" assertions="2" errors="0" failures="0" skipped="0" time="0.128959">
      <testcase name="testInit" class="NotifySettingsTest" classname="NotifySettingsTest" file="/home/adhada7/Documents/Project/Privat/woocomerce-notice/test/NotifySettingsTest.php" line="20" assertions="1" time="0.000744"/>
      <testcase name="testShow" class="NotifySettingsTest" classname="NotifySettingsTest" file="/home/adhada7/Documents/Project/Privat/woocomerce-notice/test/NotifySettingsTest.php" line="36" assertions="1" time="0.128215"/>
    </testsuite>
    <testsuite name="StyleAdapterTest" file="/home/adhada7/Documents/Project/Privat/woocomerce-notice/test/StyleAdapterTest.php" tests="2" assertions="2" errors="0" failures="0" skipped="0" time="0.005573">
      <testcase name="testInit" class="StyleAdapterTest" classname="StyleAdapterTest" file="/home/adhada7/Documents/Project/Privat/woocomerce-notice/test/StyleAdapterTest.php" line="18" assertions="1" time="0.000116"/>
      <testcase name="testSaveStyle" class="StyleAdapterTest" classname="StyleAdapterTest" file="/home/adhada7/Documents/Project/Privat/woocomerce-notice/test/StyleAdapterTest.php" line="28" assertions="1" time="0.005457">
        <system-out>OK</system-out>
      </testcase>
    </testsuite>
    <testsuite name="StyleTest" file="/home/adhada7/Documents/Project/Privat/woocomerce-notice/test/StyleTest.php" tests="3" assertions="3" errors="0" failures="0" skipped="0" time="0.024200">
      <testcase name="testInitStyle" class="StyleTest" classname="StyleTest" file="/home/adhada7/Documents/Project/Privat/woocomerce-notice/test/StyleTest.php" line="14" assertions="1" time="0.000049"/>
      <testcase name="testGetFontList_hasTwoFonts" class="StyleTest" classname="StyleTest" file="/home/adhada7/Documents/Project/Privat/woocomerce-notice/test/StyleTest.php" line="22" assertions="1" time="0.024090">
        <system-out>Array
(
    [0] =&gt; FooBar"
    [1] =&gt; FooBar2"
)
</system-out>
      </testcase>
      <testcase name="testGetFontList_hasNoFonts" class="StyleTest" classname="StyleTest" file="/home/adhada7/Documents/Project/Privat/woocomerce-notice/test/StyleTest.php" line="35" assertions="1" time="0.000061"/>
    </testsuite>
    <testsuite name="WoocommerceNoticeTest" file="/home/adhada7/Documents/Project/Privat/woocomerce-notice/test/WoocommerceNoticeTest.php" tests="1" assertions="1" errors="0" failures="0" skipped="0" time="0.000102">
      <testcase name="testInit" class="WoocommerceNoticeTest" classname="WoocommerceNoticeTest" file="/home/adhada7/Documents/Project/Privat/woocomerce-notice/test/WoocommerceNoticeTest.php" line="19" assertions="1" time="0.000102"/>
    </testsuite>
    <testsuite name="JsonTest" file="/home/adhada7/Documents/Project/Privat/woocomerce-notice/test/jsonTest.php" tests="1" assertions="1" errors="0" failures="0" skipped="0" time="0.000066">
      <testcase name="testDecode" class="JsonTest" classname="JsonTest" file="/home/adhada7/Documents/Project/Privat/woocomerce-notice/test/jsonTest.php" line="14" assertions="1" time="0.000066">
        <system-out>text</system-out>
      </testcase>
    </testsuite>
</testsuites>
